<?xml version="1.0" encoding="UTF-8"?>
<!-- Generated by org.testng.reporters.JUnitReportReporter -->
<testsuite hostname="LAPTOP-6GF81DM0" failures="0" tests="3" name="com.sample.PassDatatoPayload" time="3.197" errors="0" timestamp="2025-08-29T22:42:20 IST" skipped="0">
  <testcase classname="com.sample.PassDatatoPayload" name="addBook" time="0.151"/>
  <testcase classname="com.sample.PassDatatoPayload" name="addBook" time="0.135"/>
  <testcase classname="com.sample.PassDatatoPayload" name="addBook" time="2.911"/>
</testsuite> <!-- com.sample.PassDatatoPayload -->
